<?xml version="1.0" encoding="UTF-8"?>
<!-- Generated by org.testng.reporters.JUnitXMLReporter -->
<testsuite hostname="C02RM231G8WM" ignored="0" name="Test" tests="39" failures="8" timestamp="21 Apr 2019 09:42:16 GMT" time="25.43" errors="0">
  <testcase name="test_TC00_VerifyBankAPIWhenNoPaymentMethod" time="1.43" classname="bank.api.cases.generated.TC00_VerifyBankAPIWhenNoPaymentMethod"/>
  <testcase name="test_TC01_VerifyBankAPIWhenPaymentMethodIsLocal" time="0.562" classname="bank.api.cases.generated.TC01_VerifyBankAPIWhenPaymentMethodIsLocal"/>
  <testcase name="test_TC02_VerifyBankAPIWhenPaymentMethodIsSwift" time="0.549" classname="bank.api.cases.generated.TC02_VerifyBankAPIWhenPaymentMethodIsSwift"/>
  <testcase name="test_TC03_VerifyBankAPIWhenPaymentMethodIsEitherLocalOrSwift" time="0.656" classname="bank.api.cases.generated.TC03_VerifyBankAPIWhenPaymentMethodIsEitherLocalOrSwift"/>
  <testcase name="test_TC04_VerifyBankAPIWhenBankCountryCodeIsUS" time="0.655" classname="bank.api.cases.generated.TC04_VerifyBankAPIWhenBankCountryCodeIsUS"/>
  <testcase name="test_TC05_VerifyBankAPIWhenBankCountryCodeIsAU" time="0.754" classname="bank.api.cases.generated.TC05_VerifyBankAPIWhenBankCountryCodeIsAU"/>
  <testcase name="test_TC06_VerifyBankAPIWhenBankCountryCodeIsCN" time="0.688" classname="bank.api.cases.generated.TC06_VerifyBankAPIWhenBankCountryCodeIsCN"/>
  <testcase name="test_TC07_VerifyBankAPIWhenBankCountryCodeIsNotAUCNUS" time="0.672" classname="bank.api.cases.generated.TC07_VerifyBankAPIWhenBankCountryCodeIsNotAUCNUS"/>
  <testcase name="test_TC08_VerifyBankAPIWhenNoBankCountryCode" time="0.56" classname="bank.api.cases.generated.TC08_VerifyBankAPIWhenNoBankCountryCode"/>
  <testcase name="test_TC09_VerifyBankAPIWhenNoAccountName" time="0.479" classname="bank.api.cases.generated.TC09_VerifyBankAPIWhenNoAccountName"/>
  <testcase name="test_TC10_VerifyBankAPIWhenAccountNameLengthIsTwo" time="0.64" classname="bank.api.cases.generated.TC10_VerifyBankAPIWhenAccountNameLengthIsTwo"/>
  <testcase name="test_TC11_VerifyBankAPIWhenAccountNameLengthIsTen" time="0.639" classname="bank.api.cases.generated.TC11_VerifyBankAPIWhenAccountNameLengthIsTen"/>
  <testcase name="test_TC12_VerifyBankAPIWhenAccountNameLengthLessTwo" time="0.481" classname="bank.api.cases.generated.TC12_VerifyBankAPIWhenAccountNameLengthLessTwo"/>
  <testcase name="test_TC13_VerifyBankAPIWhenAccountNameLengthMoreThanTen" time="0.718" classname="bank.api.cases.generated.TC13_VerifyBankAPIWhenAccountNameLengthMoreThanTen"/>
  <testcase name="test_TC14_VerifyBankAPIWhenNoAccountNumber" time="0.656" classname="bank.api.cases.generated.TC14_VerifyBankAPIWhenNoAccountNumber"/>
  <testcase name="test_TC15_VerifyBankAPIWhenAccountNumberInUS" time="0.566" classname="bank.api.cases.generated.TC15_VerifyBankAPIWhenAccountNumberInUS"/>
  <testcase name="test_TC16_VerifyBankAPIWhenUSAccountNumberLengthLessThanOne" time="0.483" classname="bank.api.cases.generated.TC16_VerifyBankAPIWhenUSAccountNumberLengthLessThanOne">
    <failure type="java.lang.AssertionError" message="expected [Length of account_number should be between 1 and 17 when bank_country_code is &amp;apos;US&amp;apos;] but found [&amp;apos;account_number&amp;apos; is required]">
      <![CDATA[java.lang.AssertionError: expected [Length of account_number should be between 1 and 17 when bank_country_code is 'US'] but found ['account_number' is required]
	at bank.api.BankRestAPITest.assertResponse(BankRestAPITest.java:74)
	at bank.api.cases.generated.TC16_VerifyBankAPIWhenUSAccountNumberLengthLessThanOne.test_TC16_VerifyBankAPIWhenUSAccountNumberLengthLessThanOne(TC16_VerifyBankAPIWhenUSAccountNumberLengthLessThanOne.java:22)
... Removed 30 stack frames]]>
    </failure>
  </testcase> <!-- test_TC16_VerifyBankAPIWhenUSAccountNumberLengthLessThanOne -->
  <testcase name="test_TC17_VerifyBankAPIWhenUSAccountNumberLengthMoreThanSeventeen" time="0.461" classname="bank.api.cases.generated.TC17_VerifyBankAPIWhenUSAccountNumberLengthMoreThanSeventeen">
    <failure type="java.lang.AssertionError" message="expected [Length of account_number should be between 1 and 17 when bank_country_code is &amp;apos;US&amp;apos;] but found [Length of account_number should be between 7 and 11 when bank_country_code is &amp;apos;US&amp;apos;]">
      <![CDATA[java.lang.AssertionError: expected [Length of account_number should be between 1 and 17 when bank_country_code is 'US'] but found [Length of account_number should be between 7 and 11 when bank_country_code is 'US']
	at bank.api.BankRestAPITest.assertResponse(BankRestAPITest.java:74)
	at bank.api.cases.generated.TC17_VerifyBankAPIWhenUSAccountNumberLengthMoreThanSeventeen.test_TC17_VerifyBankAPIWhenUSAccountNumberLengthMoreThanSeventeen(TC17_VerifyBankAPIWhenUSAccountNumberLengthMoreThanSeventeen.java:22)
... Removed 30 stack frames]]>
    </failure>
  </testcase> <!-- test_TC17_VerifyBankAPIWhenUSAccountNumberLengthMoreThanSeventeen -->
  <testcase name="test_TC18_VerifyBankAPIWhenAccountNumberInAU" time="0.586" classname="bank.api.cases.generated.TC18_VerifyBankAPIWhenAccountNumberInAU"/>
  <testcase name="test_TC19_VerifyBankAPIWhenAUAccountNumberLengthLessThanSix" time="0.526" classname="bank.api.cases.generated.TC19_VerifyBankAPIWhenAUAccountNumberLengthLessThanSix">
    <failure type="java.lang.AssertionError" message="expected [Length of account_number should be between 6 and 9 when bank_country_code is &amp;apos;AU&amp;apos;] but found [Length of account_number should be between 7 and 11 when bank_country_code is &amp;apos;US&amp;apos;]">
      <![CDATA[java.lang.AssertionError: expected [Length of account_number should be between 6 and 9 when bank_country_code is 'AU'] but found [Length of account_number should be between 7 and 11 when bank_country_code is 'US']
	at bank.api.BankRestAPITest.assertResponse(BankRestAPITest.java:74)
	at bank.api.cases.generated.TC19_VerifyBankAPIWhenAUAccountNumberLengthLessThanSix.test_TC19_VerifyBankAPIWhenAUAccountNumberLengthLessThanSix(TC19_VerifyBankAPIWhenAUAccountNumberLengthLessThanSix.java:22)
... Removed 30 stack frames]]>
    </failure>
  </testcase> <!-- test_TC19_VerifyBankAPIWhenAUAccountNumberLengthLessThanSix -->
  <testcase name="test_TC20_VerifyBankAPIWhenAUAccountNumberLengthMoreThanNine" time="0.523" classname="bank.api.cases.generated.TC20_VerifyBankAPIWhenAUAccountNumberLengthMoreThanNine">
    <failure type="java.lang.AssertionError" message="expected [Length of account_number should be between 6 and 9 when bank_country_code is &amp;apos;AU&amp;apos;] but found [Length of account_number should be between 7 and 11 when bank_country_code is &amp;apos;US&amp;apos;]">
      <![CDATA[java.lang.AssertionError: expected [Length of account_number should be between 6 and 9 when bank_country_code is 'AU'] but found [Length of account_number should be between 7 and 11 when bank_country_code is 'US']
	at bank.api.BankRestAPITest.assertResponse(BankRestAPITest.java:74)
	at bank.api.cases.generated.TC20_VerifyBankAPIWhenAUAccountNumberLengthMoreThanNine.test_TC20_VerifyBankAPIWhenAUAccountNumberLengthMoreThanNine(TC20_VerifyBankAPIWhenAUAccountNumberLengthMoreThanNine.java:22)
... Removed 30 stack frames]]>
    </failure>
  </testcase> <!-- test_TC20_VerifyBankAPIWhenAUAccountNumberLengthMoreThanNine -->
  <testcase name="test_TC21_VerifyBankAPIWhenAUAccountNumberLengthIsNine" time="0.597" classname="bank.api.cases.generated.TC21_VerifyBankAPIWhenAUAccountNumberLengthIsNine"/>
  <testcase name="test_TC22_VerifyBankAPIWhenAUAccountNumberLengthIsSix" time="0.686" classname="bank.api.cases.generated.TC22_VerifyBankAPIWhenAUAccountNumberLengthIsSix"/>
  <testcase name="test_TC23_VerifyBankAPIWhenAccountNumberInCN" time="0.487" classname="bank.api.cases.generated.TC23_VerifyBankAPIWhenAccountNumberInCN"/>
  <testcase name="test_TC24_VerifyBankAPIWhenCNAccountNumberLengthLessThanEight" time="0.571" classname="bank.api.cases.generated.TC24_VerifyBankAPIWhenCNAccountNumberLengthLessThanEight">
    <failure type="java.lang.AssertionError" message="expected [400] but found [200]">
      <![CDATA[java.lang.AssertionError: expected [400] but found [200]
	at bank.api.BankRestAPITest.assertResponse(BankRestAPITest.java:73)
	at bank.api.cases.generated.TC24_VerifyBankAPIWhenCNAccountNumberLengthLessThanEight.test_TC24_VerifyBankAPIWhenCNAccountNumberLengthLessThanEight(TC24_VerifyBankAPIWhenCNAccountNumberLengthLessThanEight.java:22)
... Removed 30 stack frames]]>
    </failure>
  </testcase> <!-- test_TC24_VerifyBankAPIWhenCNAccountNumberLengthLessThanEight -->
  <testcase name="test_TC25_VerifyBankAPIWhenCNAccountNumberLengthMoreThanTwenty" time="0.836" classname="bank.api.cases.generated.TC25_VerifyBankAPIWhenCNAccountNumberLengthMoreThanTwenty">
    <failure type="java.lang.AssertionError" message="expected [Length of account_number should be between 8 and 20 when bank_country_code is &amp;apos;CN&amp;apos;] but found [Length of account_number should be between 7 and 11 when bank_country_code is &amp;apos;US&amp;apos;]">
      <![CDATA[java.lang.AssertionError: expected [Length of account_number should be between 8 and 20 when bank_country_code is 'CN'] but found [Length of account_number should be between 7 and 11 when bank_country_code is 'US']
	at bank.api.BankRestAPITest.assertResponse(BankRestAPITest.java:74)
	at bank.api.cases.generated.TC25_VerifyBankAPIWhenCNAccountNumberLengthMoreThanTwenty.test_TC25_VerifyBankAPIWhenCNAccountNumberLengthMoreThanTwenty(TC25_VerifyBankAPIWhenCNAccountNumberLengthMoreThanTwenty.java:22)
... Removed 30 stack frames]]>
    </failure>
  </testcase> <!-- test_TC25_VerifyBankAPIWhenCNAccountNumberLengthMoreThanTwenty -->
  <testcase name="test_TC26_VerifyBankAPIWhenCNAccountNumberLengthIsEight" time="0.457" classname="bank.api.cases.generated.TC26_VerifyBankAPIWhenCNAccountNumberLengthIsEight"/>
  <testcase name="test_TC27_VerifyBankAPIWhenCNAccountNumberLengthIsTwenty" time="0.558" classname="bank.api.cases.generated.TC27_VerifyBankAPIWhenCNAccountNumberLengthIsTwenty">
    <failure type="java.lang.AssertionError" message="expected [200] but found [400]">
      <![CDATA[java.lang.AssertionError: expected [200] but found [400]
	at bank.api.BankRestAPITest.assertResponse(BankRestAPITest.java:73)
	at bank.api.cases.generated.TC27_VerifyBankAPIWhenCNAccountNumberLengthIsTwenty.test_TC27_VerifyBankAPIWhenCNAccountNumberLengthIsTwenty(TC27_VerifyBankAPIWhenCNAccountNumberLengthIsTwenty.java:22)
... Removed 30 stack frames]]>
    </failure>
  </testcase> <!-- test_TC27_VerifyBankAPIWhenCNAccountNumberLengthIsTwenty -->
  <testcase name="test_TC28_VerifyBankAPIWhenPaymentMethodIsSwiftAndNoSwiftCode" time="0.722" classname="bank.api.cases.generated.TC28_VerifyBankAPIWhenPaymentMethodIsSwiftAndNoSwiftCode"/>
  <testcase name="test_TC29_VerifyBankAPIWhenSwiftCodeLengthLessThanEight" time="0.821" classname="bank.api.cases.generated.TC29_VerifyBankAPIWhenSwiftCodeLengthLessThanEight"/>
  <testcase name="test_TC30_VerifyBankAPIWhenSwiftCodeLengthMoreThanEleven" time="0.65" classname="bank.api.cases.generated.TC30_VerifyBankAPIWhenSwiftCodeLengthMoreThanEleven"/>
  <testcase name="test_TC31_VerifyBankAPIWhenNoBSBInAU" time="0.607" classname="bank.api.cases.generated.TC31_VerifyBankAPIWhenNoBSBInAU"/>
  <testcase name="test_TC32_VerifyBankAPIWhenBSBLengthNotSix" time="0.564" classname="bank.api.cases.generated.TC32_VerifyBankAPIWhenBSBLengthNotSix"/>
  <testcase name="test_TC33_VerifyBankAPIWhenNoABAInUS" time="0.556" classname="bank.api.cases.generated.TC33_VerifyBankAPIWhenNoABAInUS">
    <failure type="java.lang.AssertionError" message="expected [400] but found [200]">
      <![CDATA[java.lang.AssertionError: expected [400] but found [200]
	at bank.api.BankRestAPITest.assertResponse(BankRestAPITest.java:73)
	at bank.api.cases.generated.TC33_VerifyBankAPIWhenNoABAInUS.test_TC33_VerifyBankAPIWhenNoABAInUS(TC33_VerifyBankAPIWhenNoABAInUS.java:22)
... Removed 30 stack frames]]>
    </failure>
  </testcase> <!-- test_TC33_VerifyBankAPIWhenNoABAInUS -->
  <testcase name="test_TC34_VerifyBankAPIWhenABALengthIsNotNine" time="0.706" classname="bank.api.cases.generated.TC34_VerifyBankAPIWhenABALengthIsNotNine"/>
  <testcase name="test_TC35_VerifyBankAPIWhenHasABAInUS" time="0.614" classname="bank.api.cases.generated.TC35_VerifyBankAPIWhenHasABAInUS"/>
  <testcase name="test_TC36_VerifyBankAPIWhenNoABAInCN" time="0.602" classname="bank.api.cases.generated.TC36_VerifyBankAPIWhenNoABAInCN"/>
  <testcase name="test_TC37_VerifyBankAPIWhenSwiftCodeWithIncorrectSpecificChar" time="0.92" classname="bank.api.cases.generated.TC37_VerifyBankAPIWhenSwiftCodeWithIncorrectSpecificChar"/>
  <testcase name="test_TC38_VerifyBankAPIWhenSwiftCodeSpecificChar" time="1.164" classname="bank.api.cases.generated.TC38_VerifyBankAPIWhenSwiftCodeSpecificChar"/>
</testsuite> <!-- Test -->
