<?xml version="1.0" encoding="UTF-8"?>
<!-- Generated by org.testng.reporters.JUnitReportReporter -->
<testsuite skipped="0" hostname="C02RM231G8WM" name="bank.api.cases.generated.TC25_VerifyBankAPIWhenCNAccountNumberLengthMoreThanTwenty" tests="1" failures="1" timestamp="21 Apr 2019 09:42:16 GMT" time="0.836" errors="0">
  <testcase name="test_TC25_VerifyBankAPIWhenCNAccountNumberLengthMoreThanTwenty" time="0.836" classname="bank.api.cases.generated.TC25_VerifyBankAPIWhenCNAccountNumberLengthMoreThanTwenty">
    <failure type="java.lang.AssertionError" message="expected [Length of account_number should be between 8 and 20 when bank_country_code is &#039;CN&#039;] but found [Length of account_number should be between 7 and 11 when bank_country_code is &#039;US&#039;]">
      <![CDATA[java.lang.AssertionError: expected [Length of account_number should be between 8 and 20 when bank_country_code is 'CN'] but found [Length of account_number should be between 7 and 11 when bank_country_code is 'US']
	at org.testng.Assert.fail(Assert.java:93)
	at org.testng.Assert.failNotEquals(Assert.java:512)
	at org.testng.Assert.assertEqualsImpl(Assert.java:134)
	at org.testng.Assert.assertEquals(Assert.java:115)
	at org.testng.Assert.assertEquals(Assert.java:189)
	at org.testng.Assert.assertEquals(Assert.java:199)
	at bank.api.BankRestAPITest.assertResponse(BankRestAPITest.java:74)
	at bank.api.cases.generated.TC25_VerifyBankAPIWhenCNAccountNumberLengthMoreThanTwenty.test_TC25_VerifyBankAPIWhenCNAccountNumberLengthMoreThanTwenty(TC25_VerifyBankAPIWhenCNAccountNumberLengthMoreThanTwenty.java:22)
	at sun.reflect.NativeMethodAccessorImpl.invoke0(Native Method)
	at sun.reflect.NativeMethodAccessorImpl.invoke(NativeMethodAccessorImpl.java:62)
	at sun.reflect.DelegatingMethodAccessorImpl.invoke(DelegatingMethodAccessorImpl.java:43)
	at java.lang.reflect.Method.invoke(Method.java:498)
	at org.testng.internal.MethodInvocationHelper.invokeMethod(MethodInvocationHelper.java:108)
	at org.testng.internal.Invoker.invokeMethod(Invoker.java:661)
	at org.testng.internal.Invoker.invokeTestMethod(Invoker.java:869)
	at org.testng.internal.Invoker.invokeTestMethods(Invoker.java:1193)
	at org.testng.internal.TestMethodWorker.invokeTestMethods(TestMethodWorker.java:126)
	at org.testng.internal.TestMethodWorker.run(TestMethodWorker.java:109)
	at org.testng.TestRunner.privateRun(TestRunner.java:744)
	at org.testng.TestRunner.run(TestRunner.java:602)
	at org.testng.SuiteRunner.runTest(SuiteRunner.java:380)
	at org.testng.SuiteRunner.runSequentially(SuiteRunner.java:375)
	at org.testng.SuiteRunner.privateRun(SuiteRunner.java:340)
	at org.testng.SuiteRunner.run(SuiteRunner.java:289)
	at org.testng.SuiteRunnerWorker.runSuite(SuiteRunnerWorker.java:52)
	at org.testng.SuiteRunnerWorker.run(SuiteRunnerWorker.java:86)
	at org.testng.TestNG.runSuitesSequentially(TestNG.java:1301)
	at org.testng.TestNG.runSuitesLocally(TestNG.java:1226)
	at org.testng.TestNG.runSuites(TestNG.java:1144)
	at org.testng.TestNG.run(TestNG.java:1115)
	at org.testng.TestNG.privateMain(TestNG.java:1442)
	at org.testng.TestNG.main(TestNG.java:1411)
]]>
    </failure>
  </testcase> <!-- test_TC25_VerifyBankAPIWhenCNAccountNumberLengthMoreThanTwenty -->
</testsuite> <!-- bank.api.cases.generated.TC25_VerifyBankAPIWhenCNAccountNumberLengthMoreThanTwenty -->
